2016-08-10 11:55:34,578 [Thread-113:140646602807040] [django.server:131] [basehttp:log_message] [ERROR]- "POST /analysis/update HTTP/1.1" 500 81609
2016-08-10 11:55:36,531 [Thread-114:140646602807040] [django.server:131] [basehttp:log_message] [ERROR]- "POST /analysis/update HTTP/1.1" 500 94288
2016-08-10 12:00:00,675 [Thread-124:140646583572224] [django.server:131] [basehttp:log_message] [ERROR]- "GET /analysis/update/ HTTP/1.1" 500 82804
2016-08-10 12:00:06,840 [Thread-126:140646583572224] [django.server:131] [basehttp:log_message] [ERROR]- "GET /analysis/update/ HTTP/1.1" 500 82804
2016-08-10 12:02:47,169 [Thread-128:140646583572224] [django.server:131] [basehttp:log_message] [ERROR]- "GET /analysis/update/ HTTP/1.1" 500 82939
2016-08-10 12:02:49,895 [Thread-130:140646583572224] [django.server:131] [basehttp:log_message] [ERROR]- "GET /analysis/update/ HTTP/1.1" 500 82804
2016-08-10 12:03:01,250 [Thread-134:140646583572224] [django.server:131] [basehttp:log_message] [ERROR]- "GET /analysis/update/ HTTP/1.1" 500 82895
2016-08-10 12:03:01,331 [Thread-135:140646575179520] [django.server:131] [basehttp:log_message] [ERROR]- "GET /analysis/update/ HTTP/1.1" 500 82897
2016-08-10 12:09:20,030 [Thread-6:139740631578368] [django.server:131] [basehttp:log_message] [ERROR]- "GET /analysis/update HTTP/1.1" 500 82789
2016-08-10 22:23:35,555 [Thread-12:140486548977408] [django.server:131] [basehttp:log_message] [ERROR]- "POST /analysis/update HTTP/1.1" 500 119647
2016-08-10 22:24:01,123 [Thread-13:140486548977408] [django.server:131] [basehttp:log_message] [ERROR]- "POST /analysis/update HTTP/1.1" 500 127772
2016-08-10 22:30:35,867 [Thread-4:140387150374656] [django.server:131] [basehttp:log_message] [ERROR]- "POST /analysis/update HTTP/1.1" 500 147689
2016-08-10 22:30:37,979 [Thread-5:140387150374656] [django.server:131] [basehttp:log_message] [ERROR]- "POST /analysis/update HTTP/1.1" 500 166576
2016-08-10 22:34:21,559 [Thread-8:140387150374656] [django.server:131] [basehttp:log_message] [ERROR]- "POST /analysis/update HTTP/1.1" 500 163086
2016-08-10 22:45:14,897 [Thread-4:139831784453888] [django.server:131] [basehttp:log_message] [ERROR]- "POST /analysis/update HTTP/1.1" 500 162922
2016-08-10 22:45:16,955 [Thread-5:139831784453888] [django.server:131] [basehttp:log_message] [ERROR]- "POST /analysis/update HTTP/1.1" 500 162922
2016-08-10 22:45:20,764 [Thread-6:139831784453888] [django.server:131] [basehttp:log_message] [ERROR]- "POST /analysis/update HTTP/1.1" 500 162922
2016-08-10 22:45:22,905 [Thread-7:139831784453888] [django.server:131] [basehttp:log_message] [ERROR]- "POST /analysis/update HTTP/1.1" 500 162922
2016-08-10 22:46:16,603 [Thread-10:139831784453888] [django.server:131] [basehttp:log_message] [ERROR]- "POST /analysis/update HTTP/1.1" 500 148019
2016-08-10 22:46:18,614 [Thread-11:139831784453888] [django.server:131] [basehttp:log_message] [ERROR]- "POST /analysis/update HTTP/1.1" 500 165849
2016-08-10 22:46:23,423 [Thread-12:139831784453888] [django.server:131] [basehttp:log_message] [ERROR]- "POST /analysis/update HTTP/1.1" 500 165849
2016-08-10 22:46:25,516 [Thread-13:139831784453888] [django.server:131] [basehttp:log_message] [ERROR]- "POST /analysis/update HTTP/1.1" 500 165849
2016-08-10 22:46:31,544 [Thread-14:139831784453888] [django.server:131] [basehttp:log_message] [ERROR]- "POST /analysis/update HTTP/1.1" 500 165849
2016-08-10 22:46:33,606 [Thread-15:139831784453888] [django.server:131] [basehttp:log_message] [ERROR]- "POST /analysis/update HTTP/1.1" 500 165849
2016-08-10 22:46:41,578 [Thread-16:139831784453888] [django.server:131] [basehttp:log_message] [ERROR]- "POST /analysis/update HTTP/1.1" 500 165849
2016-08-10 22:46:43,874 [Thread-17:139831784453888] [django.server:131] [basehttp:log_message] [ERROR]- "POST /analysis/update HTTP/1.1" 500 165849
2016-08-10 22:47:05,707 [Thread-18:139831784453888] [django.server:131] [basehttp:log_message] [ERROR]- "POST /analysis/update HTTP/1.1" 500 147572
2016-08-10 22:47:07,777 [Thread-19:139831784453888] [django.server:131] [basehttp:log_message] [ERROR]- "POST /analysis/update HTTP/1.1" 500 147572
2016-08-10 22:54:02,535 [Thread-4:139938600339200] [django.server:131] [basehttp:log_message] [ERROR]- "POST /analysis/update HTTP/1.1" 500 147572
2016-08-10 22:54:04,478 [Thread-5:139938600339200] [django.server:131] [basehttp:log_message] [ERROR]- "POST /analysis/update HTTP/1.1" 500 147572
2016-08-10 22:58:38,722 [Thread-4:140346473252608] [django.server:131] [basehttp:log_message] [ERROR]- "POST /analysis/update HTTP/1.1" 500 147572
2016-08-10 22:58:40,770 [Thread-5:140346473252608] [django.server:131] [basehttp:log_message] [ERROR]- "POST /analysis/update HTTP/1.1" 500 147572
2016-08-10 22:58:44,685 [Thread-6:140346473252608] [django.server:131] [basehttp:log_message] [ERROR]- "POST /analysis/update HTTP/1.1" 500 147572
2016-08-10 22:59:32,083 [Thread-9:140346473252608] [django.server:131] [basehttp:log_message] [ERROR]- "POST /analysis/update HTTP/1.1" 500 147572
2016-08-10 22:59:34,108 [Thread-10:140346473252608] [django.server:131] [basehttp:log_message] [ERROR]- "POST /analysis/update HTTP/1.1" 500 147572
2016-08-10 23:00:04,613 [Thread-4:140363065001728] [django.server:131] [basehttp:log_message] [ERROR]- "POST /analysis/update HTTP/1.1" 500 147572
2016-08-10 23:00:06,569 [Thread-5:140363065001728] [django.server:131] [basehttp:log_message] [ERROR]- "POST /analysis/update HTTP/1.1" 500 147572
2016-08-10 23:23:16,762 [Thread-8:139683610752768] [django.server:131] [basehttp:log_message] [ERROR]- "POST /analysis/update HTTP/1.1" 500 124420
2016-08-10 23:23:18,991 [Thread-9:139683610752768] [django.server:131] [basehttp:log_message] [ERROR]- "POST /analysis/update HTTP/1.1" 500 124420
2016-08-10 23:23:23,143 [Thread-10:139683610752768] [django.server:131] [basehttp:log_message] [ERROR]- "POST /analysis/update HTTP/1.1" 500 124420
2016-08-10 23:23:25,362 [Thread-11:139683610752768] [django.server:131] [basehttp:log_message] [ERROR]- "POST /analysis/update HTTP/1.1" 500 124420
2016-08-10 23:23:31,374 [Thread-12:139683610752768] [django.server:131] [basehttp:log_message] [ERROR]- "POST /analysis/update HTTP/1.1" 500 124420
2016-08-10 23:23:33,656 [Thread-13:139683610752768] [django.server:131] [basehttp:log_message] [ERROR]- "POST /analysis/update HTTP/1.1" 500 124420
2016-08-10 23:25:25,934 [Thread-5:139835832411904] [django.server:131] [basehttp:log_message] [ERROR]- "POST /analysis/update HTTP/1.1" 500 124420
2016-08-10 23:25:28,229 [Thread-6:139835832411904] [django.server:131] [basehttp:log_message] [ERROR]- "POST /analysis/update HTTP/1.1" 500 124420
2016-08-10 23:25:32,296 [Thread-7:139835832411904] [django.server:131] [basehttp:log_message] [ERROR]- "POST /analysis/update HTTP/1.1" 500 125773
2016-08-10 23:25:34,706 [Thread-8:139835832411904] [django.server:131] [basehttp:log_message] [ERROR]- "POST /analysis/update HTTP/1.1" 500 126165
2016-08-10 23:27:34,824 [Thread-4:140598814865152] [django.server:131] [basehttp:log_message] [ERROR]- "POST /analysis/update HTTP/1.1" 500 126196
2016-08-10 23:27:37,518 [Thread-5:140598814865152] [django.server:131] [basehttp:log_message] [ERROR]- "POST /analysis/update HTTP/1.1" 500 126195
2016-08-10 23:27:42,009 [Thread-6:140598814865152] [django.server:131] [basehttp:log_message] [ERROR]- "POST /analysis/update HTTP/1.1" 500 126195
2016-08-10 23:28:28,159 [Thread-4:140645770352384] [django.server:131] [basehttp:log_message] [ERROR]- "POST /analysis/update HTTP/1.1" 500 126195
2016-08-10 23:28:30,553 [Thread-5:140645770352384] [django.server:131] [basehttp:log_message] [ERROR]- "POST /analysis/update HTTP/1.1" 500 126195
2016-08-10 23:28:34,744 [Thread-6:140645770352384] [django.server:131] [basehttp:log_message] [ERROR]- "POST /analysis/update HTTP/1.1" 500 126195
2016-08-10 23:29:59,961 [Thread-4:140407925438208] [django.server:131] [basehttp:log_message] [ERROR]- "POST /analysis/update HTTP/1.1" 500 122279
2016-08-10 23:30:02,650 [Thread-5:140407925438208] [django.server:131] [basehttp:log_message] [ERROR]- "POST /analysis/update HTTP/1.1" 500 122279
2016-08-10 23:30:06,856 [Thread-6:140407925438208] [django.server:131] [basehttp:log_message] [ERROR]- "POST /analysis/update HTTP/1.1" 500 122279
2016-08-10 23:30:09,548 [Thread-7:140407925438208] [django.server:131] [basehttp:log_message] [ERROR]- "POST /analysis/update HTTP/1.1" 500 122279
2016-08-10 23:30:38,953 [Thread-4:139869137372928] [django.server:131] [basehttp:log_message] [ERROR]- "POST /analysis/update HTTP/1.1" 500 122309
2016-08-10 23:30:41,535 [Thread-5:139869137372928] [django.server:131] [basehttp:log_message] [ERROR]- "POST /analysis/update HTTP/1.1" 500 122309
2016-08-10 23:30:45,559 [Thread-6:139869137372928] [django.server:131] [basehttp:log_message] [ERROR]- "POST /analysis/update HTTP/1.1" 500 122309
2016-08-10 23:30:48,250 [Thread-7:139869137372928] [django.server:131] [basehttp:log_message] [ERROR]- "POST /analysis/update HTTP/1.1" 500 122309
2016-08-10 23:31:10,394 [Thread-4:140653689132800] [django.server:131] [basehttp:log_message] [ERROR]- "POST /analysis/update HTTP/1.1" 500 126195
2016-08-10 23:31:13,098 [Thread-5:140653689132800] [django.server:131] [basehttp:log_message] [ERROR]- "POST /analysis/update HTTP/1.1" 500 126195
2016-08-10 23:31:18,787 [Thread-6:140653689132800] [django.server:131] [basehttp:log_message] [ERROR]- "POST /analysis/update HTTP/1.1" 500 126195
2016-08-10 23:31:20,895 [Thread-7:140653689132800] [django.server:131] [basehttp:log_message] [ERROR]- "POST /analysis/update HTTP/1.1" 500 126195
2016-08-10 23:31:27,202 [Thread-8:140653689132800] [django.server:131] [basehttp:log_message] [ERROR]- "POST /analysis/update HTTP/1.1" 500 126195
2016-08-10 23:31:29,610 [Thread-9:140653689132800] [django.server:131] [basehttp:log_message] [ERROR]- "POST /analysis/update HTTP/1.1" 500 126195
2016-08-10 23:31:37,998 [Thread-10:140653689132800] [django.server:131] [basehttp:log_message] [ERROR]- "POST /analysis/update HTTP/1.1" 500 126195
2016-08-10 23:31:40,223 [Thread-11:140653689132800] [django.server:131] [basehttp:log_message] [ERROR]- "POST /analysis/update HTTP/1.1" 500 126195
2016-08-10 23:31:50,356 [Thread-12:140653689132800] [django.server:131] [basehttp:log_message] [ERROR]- "POST /analysis/update HTTP/1.1" 500 126195
2016-08-10 23:31:52,610 [Thread-13:140653689132800] [django.server:131] [basehttp:log_message] [ERROR]- "POST /analysis/update HTTP/1.1" 500 126195
2016-08-10 23:32:04,682 [Thread-14:140653689132800] [django.server:131] [basehttp:log_message] [ERROR]- "POST /analysis/update HTTP/1.1" 500 126195
2016-08-10 23:32:07,950 [Thread-15:140653689132800] [django.server:131] [basehttp:log_message] [ERROR]- "POST /analysis/update HTTP/1.1" 500 126195
2016-08-10 23:32:21,974 [Thread-16:140653689132800] [django.server:131] [basehttp:log_message] [ERROR]- "POST /analysis/update HTTP/1.1" 500 126195
2016-08-10 23:32:24,394 [Thread-17:140653689132800] [django.server:131] [basehttp:log_message] [ERROR]- "POST /analysis/update HTTP/1.1" 500 126195
2016-08-10 23:32:40,289 [Thread-1:139634525054720] [django.server:131] [basehttp:log_message] [ERROR]- "POST /analysis/update HTTP/1.1" 500 126195
2016-08-10 23:32:42,544 [Thread-3:139634525054720] [django.server:131] [basehttp:log_message] [ERROR]- "POST /analysis/update HTTP/1.1" 500 126195
2016-08-10 23:36:06,525 [Thread-5:140522695321344] [django.server:131] [basehttp:log_message] [ERROR]- "POST /analysis/update HTTP/1.1" 500 110286
2016-08-10 23:36:09,358 [Thread-6:140522695321344] [django.server:131] [basehttp:log_message] [ERROR]- "POST /analysis/update HTTP/1.1" 500 126030
2016-08-10 23:36:12,843 [Thread-7:140522695321344] [django.server:131] [basehttp:log_message] [ERROR]- "POST /analysis/update HTTP/1.1" 500 127598
2016-08-10 23:38:01,457 [Thread-4:140656890607360] [django.server:131] [basehttp:log_message] [ERROR]- "POST /analysis/update HTTP/1.1" 500 127594
2016-08-10 23:38:05,055 [Thread-5:140656890607360] [django.server:131] [basehttp:log_message] [ERROR]- "POST /analysis/update HTTP/1.1" 500 127594
2016-08-10 23:38:09,264 [Thread-1:139884816934656] [django.server:131] [basehttp:log_message] [ERROR]- "POST /analysis/update HTTP/1.1" 500 127594
2016-08-10 23:38:11,970 [Thread-3:139884816934656] [django.server:131] [basehttp:log_message] [ERROR]- "POST /analysis/update HTTP/1.1" 500 127594
2016-08-10 23:38:18,550 [Thread-4:139884816934656] [django.server:131] [basehttp:log_message] [ERROR]- "POST /analysis/update HTTP/1.1" 500 127594
2016-08-10 23:38:20,951 [Thread-5:139884816934656] [django.server:131] [basehttp:log_message] [ERROR]- "POST /analysis/update HTTP/1.1" 500 127594
2016-08-10 23:38:29,356 [Thread-6:139884816934656] [django.server:131] [basehttp:log_message] [ERROR]- "POST /analysis/update HTTP/1.1" 500 127594
2016-08-10 23:38:31,290 [Thread-7:139884816934656] [django.server:131] [basehttp:log_message] [ERROR]- "POST /analysis/update HTTP/1.1" 500 127594
2016-08-10 23:38:41,428 [Thread-8:139884816934656] [django.server:131] [basehttp:log_message] [ERROR]- "POST /analysis/update HTTP/1.1" 500 127594
2016-08-10 23:38:46,441 [Thread-9:139884816934656] [django.server:131] [basehttp:log_message] [ERROR]- "POST /analysis/update HTTP/1.1" 500 127594
2016-08-10 23:38:58,522 [Thread-10:139884816934656] [django.server:131] [basehttp:log_message] [ERROR]- "POST /analysis/update HTTP/1.1" 500 127594
2016-08-10 23:39:00,983 [Thread-11:139884816934656] [django.server:131] [basehttp:log_message] [ERROR]- "POST /analysis/update HTTP/1.1" 500 127594
2016-08-10 23:39:37,212 [Thread-4:139705018480384] [django.server:131] [basehttp:log_message] [ERROR]- "POST /analysis/update HTTP/1.1" 500 127644
2016-08-10 23:39:39,625 [Thread-5:139705018480384] [django.server:131] [basehttp:log_message] [ERROR]- "POST /analysis/update HTTP/1.1" 500 127644
2016-08-10 23:39:45,012 [Thread-6:139705018480384] [django.server:131] [basehttp:log_message] [ERROR]- "POST /analysis/update HTTP/1.1" 500 127644
2016-08-10 23:39:47,416 [Thread-7:139705018480384] [django.server:131] [basehttp:log_message] [ERROR]- "POST /analysis/update HTTP/1.1" 500 127644
2016-08-10 23:39:54,010 [Thread-8:139705018480384] [django.server:131] [basehttp:log_message] [ERROR]- "POST /analysis/update HTTP/1.1" 500 127644
2016-08-10 23:39:56,120 [Thread-9:139705018480384] [django.server:131] [basehttp:log_message] [ERROR]- "POST /analysis/update HTTP/1.1" 500 127644
2016-08-10 23:40:04,417 [Thread-10:139705018480384] [django.server:131] [basehttp:log_message] [ERROR]- "POST /analysis/update HTTP/1.1" 500 127644
2016-08-10 23:40:06,673 [Thread-11:139705018480384] [django.server:131] [basehttp:log_message] [ERROR]- "POST /analysis/update HTTP/1.1" 500 127644
2016-08-10 23:41:05,881 [Thread-12:139705018480384] [django.server:131] [basehttp:log_message] [ERROR]- "POST /analysis/update HTTP/1.1" 500 100736
2016-08-10 23:41:08,883 [Thread-13:139705018480384] [django.server:131] [basehttp:log_message] [ERROR]- "POST /analysis/update HTTP/1.1" 500 124741
2016-08-10 23:42:13,991 [Thread-4:140682360579840] [django.server:131] [basehttp:log_message] [ERROR]- "POST /analysis/update HTTP/1.1" 500 127401
2016-08-10 23:42:16,404 [Thread-5:140682360579840] [django.server:131] [basehttp:log_message] [ERROR]- "POST /analysis/update HTTP/1.1" 500 127401
2016-08-10 23:42:20,594 [Thread-6:140682360579840] [django.server:131] [basehttp:log_message] [ERROR]- "POST /analysis/update HTTP/1.1" 500 127401
2016-08-10 23:42:22,997 [Thread-7:140682360579840] [django.server:131] [basehttp:log_message] [ERROR]- "POST /analysis/update HTTP/1.1" 500 127401
2016-08-10 23:42:29,593 [Thread-8:140682360579840] [django.server:131] [basehttp:log_message] [ERROR]- "POST /analysis/update HTTP/1.1" 500 127401
2016-08-10 23:42:31,999 [Thread-9:140682360579840] [django.server:131] [basehttp:log_message] [ERROR]- "POST /analysis/update HTTP/1.1" 500 127401
2016-08-10 23:42:40,274 [Thread-10:140682360579840] [django.server:131] [basehttp:log_message] [ERROR]- "POST /analysis/update HTTP/1.1" 500 127401
2016-08-10 23:42:42,756 [Thread-11:140682360579840] [django.server:131] [basehttp:log_message] [ERROR]- "POST /analysis/update HTTP/1.1" 500 127401
2016-08-10 23:42:52,606 [Thread-12:140682360579840] [django.server:131] [basehttp:log_message] [ERROR]- "POST /analysis/update HTTP/1.1" 500 127401
2016-08-10 23:42:54,829 [Thread-13:140682360579840] [django.server:131] [basehttp:log_message] [ERROR]- "POST /analysis/update HTTP/1.1" 500 127401
2016-08-10 23:43:06,806 [Thread-14:140682360579840] [django.server:131] [basehttp:log_message] [ERROR]- "POST /analysis/update HTTP/1.1" 500 127401
2016-08-10 23:43:08,965 [Thread-15:140682360579840] [django.server:131] [basehttp:log_message] [ERROR]- "POST /analysis/update HTTP/1.1" 500 127401
2016-08-10 23:43:25,821 [Thread-4:140187214870272] [django.server:131] [basehttp:log_message] [ERROR]- "POST /analysis/update HTTP/1.1" 500 127337
2016-08-10 23:43:28,219 [Thread-5:140187214870272] [django.server:131] [basehttp:log_message] [ERROR]- "POST /analysis/update HTTP/1.1" 500 127337
2016-08-10 23:43:32,415 [Thread-6:140187214870272] [django.server:131] [basehttp:log_message] [ERROR]- "POST /analysis/update HTTP/1.1" 500 127337
2016-08-10 23:43:35,431 [Thread-7:140187214870272] [django.server:131] [basehttp:log_message] [ERROR]- "POST /analysis/update HTTP/1.1" 500 127337
2016-08-10 23:43:41,727 [Thread-8:140187214870272] [django.server:131] [basehttp:log_message] [ERROR]- "POST /analysis/update HTTP/1.1" 500 127337
2016-08-10 23:43:44,118 [Thread-9:140187214870272] [django.server:131] [basehttp:log_message] [ERROR]- "POST /analysis/update HTTP/1.1" 500 127337
2016-08-10 23:43:52,527 [Thread-10:140187214870272] [django.server:131] [basehttp:log_message] [ERROR]- "POST /analysis/update HTTP/1.1" 500 127337
2016-08-10 23:44:06,748 [Thread-1:140207336965888] [django.server:131] [basehttp:log_message] [ERROR]- "POST /analysis/update HTTP/1.1" 500 127364
2016-08-10 23:44:18,547 [Thread-3:140207336965888] [django.server:131] [basehttp:log_message] [ERROR]- "POST /analysis/update HTTP/1.1" 500 127364
2016-08-10 23:44:21,018 [Thread-4:140207336965888] [django.server:131] [basehttp:log_message] [ERROR]- "POST /analysis/update HTTP/1.1" 500 127364
2016-08-10 23:44:35,020 [Thread-5:140207336965888] [django.server:131] [basehttp:log_message] [ERROR]- "POST /analysis/update HTTP/1.1" 500 127364
2016-08-10 23:44:37,185 [Thread-6:140207336965888] [django.server:131] [basehttp:log_message] [ERROR]- "POST /analysis/update HTTP/1.1" 500 127364
2016-08-10 23:45:16,275 [Thread-4:140426761996032] [django.server:131] [basehttp:log_message] [ERROR]- "POST /analysis/update HTTP/1.1" 500 127340
2016-08-10 23:45:18,988 [Thread-5:140426761996032] [django.server:131] [basehttp:log_message] [ERROR]- "POST /analysis/update HTTP/1.1" 500 127340
2016-08-10 23:45:23,649 [Thread-6:140426761996032] [django.server:131] [basehttp:log_message] [ERROR]- "POST /analysis/update HTTP/1.1" 500 127340
2016-08-10 23:45:25,874 [Thread-7:140426761996032] [django.server:131] [basehttp:log_message] [ERROR]- "POST /analysis/update HTTP/1.1" 500 127340
2016-08-10 23:45:32,177 [Thread-8:140426761996032] [django.server:131] [basehttp:log_message] [ERROR]- "POST /analysis/update HTTP/1.1" 500 127340
2016-08-10 23:45:34,872 [Thread-9:140426761996032] [django.server:131] [basehttp:log_message] [ERROR]- "POST /analysis/update HTTP/1.1" 500 127340
2016-08-10 23:45:42,982 [Thread-10:140426761996032] [django.server:131] [basehttp:log_message] [ERROR]- "POST /analysis/update HTTP/1.1" 500 127340
2016-08-10 23:45:45,184 [Thread-11:140426761996032] [django.server:131] [basehttp:log_message] [ERROR]- "POST /analysis/update HTTP/1.1" 500 127340
2016-08-10 23:45:55,479 [Thread-12:140426761996032] [django.server:131] [basehttp:log_message] [ERROR]- "POST /analysis/update HTTP/1.1" 500 127340
2016-08-10 23:45:58,143 [Thread-13:140426761996032] [django.server:131] [basehttp:log_message] [ERROR]- "POST /analysis/update HTTP/1.1" 500 127340
2016-08-10 23:46:10,125 [Thread-1:140209365526272] [django.server:131] [basehttp:log_message] [ERROR]- "POST /analysis/update HTTP/1.1" 500 127362
2016-08-10 23:46:12,523 [Thread-3:140209365526272] [django.server:131] [basehttp:log_message] [ERROR]- "POST /analysis/update HTTP/1.1" 500 127362
2016-08-10 23:46:26,422 [Thread-4:140209365526272] [django.server:131] [basehttp:log_message] [ERROR]- "POST /analysis/update HTTP/1.1" 500 127362
2016-08-10 23:46:28,601 [Thread-5:140209365526272] [django.server:131] [basehttp:log_message] [ERROR]- "POST /analysis/update HTTP/1.1" 500 127362
2016-08-10 23:46:47,112 [Thread-4:140026750457600] [django.server:131] [basehttp:log_message] [ERROR]- "POST /analysis/update HTTP/1.1" 500 127364
2016-08-10 23:46:49,811 [Thread-5:140026750457600] [django.server:131] [basehttp:log_message] [ERROR]- "POST /analysis/update HTTP/1.1" 500 127364
2016-08-10 23:46:54,021 [Thread-6:140026750457600] [django.server:131] [basehttp:log_message] [ERROR]- "POST /analysis/update HTTP/1.1" 500 127364
2016-08-10 23:46:56,718 [Thread-7:140026750457600] [django.server:131] [basehttp:log_message] [ERROR]- "POST /analysis/update HTTP/1.1" 500 127364
2016-08-10 23:47:03,015 [Thread-8:140026750457600] [django.server:131] [basehttp:log_message] [ERROR]- "POST /analysis/update HTTP/1.1" 500 127364
2016-08-10 23:47:14,433 [Thread-4:139705409672960] [django.server:131] [basehttp:log_message] [ERROR]- "POST /analysis/update HTTP/1.1" 500 141153
2016-08-10 23:47:16,740 [Thread-5:139705409672960] [django.server:131] [basehttp:log_message] [ERROR]- "POST /analysis/update HTTP/1.1" 500 141153
2016-08-11 10:29:58,224 [Thread-1:140467052709632] [django.server:131] [basehttp:log_message] [ERROR]- "POST /homepage/mlogin HTTP/1.1" 500 71744
2016-08-11 10:53:46,732 [Thread-8:140701987763968] [django.server:131] [basehttp:log_message] [ERROR]- "POST /analysis/update HTTP/1.1" 500 125693
2016-08-11 10:53:48,953 [Thread-9:140701987763968] [django.server:131] [basehttp:log_message] [ERROR]- "POST /analysis/update HTTP/1.1" 500 126281
2016-08-11 10:53:53,182 [Thread-10:140701987763968] [django.server:131] [basehttp:log_message] [ERROR]- "POST /analysis/update HTTP/1.1" 500 127457
2016-08-11 10:53:56,196 [Thread-11:140701987763968] [django.server:131] [basehttp:log_message] [ERROR]- "POST /analysis/update HTTP/1.1" 500 127457
2016-08-11 10:54:02,241 [Thread-12:140701987763968] [django.server:131] [basehttp:log_message] [ERROR]- "POST /analysis/update HTTP/1.1" 500 127457
2016-08-11 10:54:04,521 [Thread-13:140701987763968] [django.server:131] [basehttp:log_message] [ERROR]- "POST /analysis/update HTTP/1.1" 500 127457
2016-08-11 10:54:12,558 [Thread-14:140701987763968] [django.server:131] [basehttp:log_message] [ERROR]- "POST /analysis/update HTTP/1.1" 500 127457
2016-08-11 10:54:15,080 [Thread-15:140701987763968] [django.server:131] [basehttp:log_message] [ERROR]- "POST /analysis/update HTTP/1.1" 500 127457
2016-08-11 10:54:25,059 [Thread-16:140701987763968] [django.server:131] [basehttp:log_message] [ERROR]- "POST /analysis/update HTTP/1.1" 500 127457
2016-08-11 10:54:27,456 [Thread-17:140701987763968] [django.server:131] [basehttp:log_message] [ERROR]- "POST /analysis/update HTTP/1.1" 500 127457
2016-08-11 10:54:39,472 [Thread-18:140701987763968] [django.server:131] [basehttp:log_message] [ERROR]- "POST /analysis/update HTTP/1.1" 500 127457
2016-08-11 10:54:43,680 [Thread-19:140701987763968] [django.server:131] [basehttp:log_message] [ERROR]- "POST /analysis/update HTTP/1.1" 500 127457
2016-08-11 10:54:58,562 [Thread-4:140596070295296] [django.server:131] [basehttp:log_message] [ERROR]- "POST /analysis/update HTTP/1.1" 500 122652
2016-08-11 10:55:00,765 [Thread-5:140596070295296] [django.server:131] [basehttp:log_message] [ERROR]- "POST /analysis/update HTTP/1.1" 500 122652
2016-08-11 10:55:05,045 [Thread-6:140596070295296] [django.server:131] [basehttp:log_message] [ERROR]- "POST /analysis/update HTTP/1.1" 500 122652
2016-08-11 10:55:07,324 [Thread-7:140596070295296] [django.server:131] [basehttp:log_message] [ERROR]- "POST /analysis/update HTTP/1.1" 500 122652
2016-08-11 10:55:13,818 [Thread-8:140596070295296] [django.server:131] [basehttp:log_message] [ERROR]- "POST /analysis/update HTTP/1.1" 500 122652
2016-08-11 10:55:19,833 [Thread-9:140596070295296] [django.server:131] [basehttp:log_message] [ERROR]- "POST /analysis/update HTTP/1.1" 500 122652
2016-08-11 10:55:37,612 [Thread-4:140135342307072] [django.server:131] [basehttp:log_message] [ERROR]- "POST /analysis/update HTTP/1.1" 500 122652
2016-08-11 10:55:40,088 [Thread-5:140135342307072] [django.server:131] [basehttp:log_message] [ERROR]- "POST /analysis/update HTTP/1.1" 500 122652
2016-08-11 10:55:44,105 [Thread-6:140135342307072] [django.server:131] [basehttp:log_message] [ERROR]- "POST /analysis/update HTTP/1.1" 500 122652
2016-08-11 10:55:46,744 [Thread-7:140135342307072] [django.server:131] [basehttp:log_message] [ERROR]- "POST /analysis/update HTTP/1.1" 500 122652
2016-08-11 10:57:41,344 [Thread-4:140126428882688] [django.server:131] [basehttp:log_message] [ERROR]- "POST /analysis/update HTTP/1.1" 500 122652
2016-08-11 10:57:43,478 [Thread-5:140126428882688] [django.server:131] [basehttp:log_message] [ERROR]- "POST /analysis/update HTTP/1.1" 500 122652
2016-08-11 10:57:47,737 [Thread-6:140126428882688] [django.server:131] [basehttp:log_message] [ERROR]- "POST /analysis/update HTTP/1.1" 500 122652
2016-08-11 10:59:02,918 [Thread-4:140532295960320] [django.server:131] [basehttp:log_message] [ERROR]- "POST /analysis/update HTTP/1.1" 500 122680
2016-08-11 10:59:06,511 [Thread-5:140532295960320] [django.server:131] [basehttp:log_message] [ERROR]- "POST /analysis/update HTTP/1.1" 500 122680
2016-08-11 10:59:10,890 [Thread-6:140532295960320] [django.server:131] [basehttp:log_message] [ERROR]- "POST /analysis/update HTTP/1.1" 500 122680
2016-08-11 10:59:13,118 [Thread-7:140532295960320] [django.server:131] [basehttp:log_message] [ERROR]- "POST /analysis/update HTTP/1.1" 500 122680
2016-08-11 11:00:14,792 [Thread-4:140613806716672] [django.server:131] [basehttp:log_message] [ERROR]- "POST /analysis/update HTTP/1.1" 500 127457
2016-08-11 11:00:16,894 [Thread-5:140613806716672] [django.server:131] [basehttp:log_message] [ERROR]- "POST /analysis/update HTTP/1.1" 500 127457
2016-08-11 11:01:09,938 [Thread-4:140420659013376] [django.server:131] [basehttp:log_message] [ERROR]- "POST /analysis/update HTTP/1.1" 500 127459
2016-08-11 11:01:12,637 [Thread-5:140420659013376] [django.server:131] [basehttp:log_message] [ERROR]- "POST /analysis/update HTTP/1.1" 500 127458
2016-08-11 11:03:32,921 [Thread-4:140251851036416] [django.server:131] [basehttp:log_message] [ERROR]- "POST /analysis/update HTTP/1.1" 500 127458
2016-08-11 11:03:35,614 [Thread-5:140251851036416] [django.server:131] [basehttp:log_message] [ERROR]- "POST /analysis/update HTTP/1.1" 500 127458
2016-08-11 11:03:41,088 [Thread-6:140251851036416] [django.server:131] [basehttp:log_message] [ERROR]- "POST /analysis/update HTTP/1.1" 500 127458
2016-08-11 11:04:30,818 [Thread-4:140637077702400] [django.server:131] [basehttp:log_message] [ERROR]- "POST /analysis/update HTTP/1.1" 500 127458
2016-08-11 11:04:33,519 [Thread-5:140637077702400] [django.server:131] [basehttp:log_message] [ERROR]- "POST /analysis/update HTTP/1.1" 500 127458
2016-08-11 11:05:11,737 [Thread-3:140037930481408] [django.server:131] [basehttp:log_message] [ERROR]- "POST /analysis/update HTTP/1.1" 500 127458
2016-08-11 11:05:14,435 [Thread-5:140037930481408] [django.server:131] [basehttp:log_message] [ERROR]- "POST /analysis/update HTTP/1.1" 500 127458
2016-08-11 11:06:02,357 [Thread-4:140262485587712] [django.server:131] [basehttp:log_message] [ERROR]- "POST /analysis/update HTTP/1.1" 500 127431
2016-08-11 11:06:04,811 [Thread-5:140262485587712] [django.server:131] [basehttp:log_message] [ERROR]- "POST /analysis/update HTTP/1.1" 500 127431
2016-08-11 11:07:02,407 [Thread-4:139940702623488] [django.server:131] [basehttp:log_message] [ERROR]- "POST /analysis/update HTTP/1.1" 500 127408
2016-08-11 11:08:21,325 [Thread-4:139724708476672] [django.server:131] [basehttp:log_message] [ERROR]- "POST /analysis/update HTTP/1.1" 500 127432
2016-08-11 11:08:24,499 [Thread-5:139724708476672] [django.server:131] [basehttp:log_message] [ERROR]- "POST /analysis/update HTTP/1.1" 500 127432
2016-08-11 11:09:38,552 [Thread-4:140495918515968] [django.server:131] [basehttp:log_message] [ERROR]- "POST /analysis/update HTTP/1.1" 500 127432
2016-08-11 11:09:40,838 [Thread-5:140495918515968] [django.server:131] [basehttp:log_message] [ERROR]- "POST /analysis/update HTTP/1.1" 500 127432
2016-08-11 11:10:19,835 [Thread-4:139783283779328] [django.server:131] [basehttp:log_message] [ERROR]- "POST /analysis/update HTTP/1.1" 500 127432
2016-08-11 11:10:22,083 [Thread-5:139783283779328] [django.server:131] [basehttp:log_message] [ERROR]- "POST /analysis/update HTTP/1.1" 500 127432
2016-08-11 11:11:32,465 [Thread-3:139802997421824] [django.server:131] [basehttp:log_message] [ERROR]- "POST /analysis/update HTTP/1.1" 500 122674
2016-08-11 11:11:34,768 [Thread-5:139802997421824] [django.server:131] [basehttp:log_message] [ERROR]- "POST /analysis/update HTTP/1.1" 500 122674
2016-08-11 11:13:20,964 [Thread-5:140253818263296] [django.server:131] [basehttp:log_message] [ERROR]- "POST /analysis/update HTTP/1.1" 500 121651
2016-08-11 11:19:58,275 [Thread-43:139946524309248] [django.server:131] [basehttp:log_message] [ERROR]- "GET /analysis/detail/ HTTP/1.1" 500 64400
2016-08-11 11:20:21,997 [Thread-54:139946541094656] [django.server:131] [basehttp:log_message] [ERROR]- "GET /analysis/detail/ HTTP/1.1" 500 64400
2016-08-11 14:29:27,327 [Thread-26:140056979293952] [django.server:131] [basehttp:log_message] [ERROR]- "POST /homepage/mlogin HTTP/1.1" 500 71788
2016-08-11 14:29:29,305 [Thread-27:140056979293952] [django.server:131] [basehttp:log_message] [ERROR]- "POST /homepage/mlogin HTTP/1.1" 500 71788
2016-08-11 14:29:33,486 [Thread-28:140056979293952] [django.server:131] [basehttp:log_message] [ERROR]- "POST /homepage/mlogin HTTP/1.1" 500 71791
2016-08-11 14:29:34,553 [Thread-29:140056979293952] [django.server:131] [basehttp:log_message] [ERROR]- "POST /homepage/mlogin HTTP/1.1" 500 71791
2016-08-11 14:29:35,312 [Thread-30:140056979293952] [django.server:131] [basehttp:log_message] [ERROR]- "POST /homepage/mlogin HTTP/1.1" 500 71791
2016-08-29 19:40:14,226 [Thread-3:7396] [django.server:131] [basehttp:log_message] [ERROR]- "GET / HTTP/1.1" 500 131189
